[error] [2026-07-14T05:05:02.444Z] : ✖ Below file formats are not allowed in Sigma
[info] [2026-07-14T05:05:02.449Z] :  ==> app/.DS_Store
[info] [2026-07-14T05:05:02.450Z] :  ==> app/grn/.DS_Store
[info] [2026-07-14T05:05:02.450Z] :  ==> app/rfq/.DS_Store
[info] [2026-07-14T05:05:02.450Z] :  ==> app/vendor-comparison/.DS_Store
[info] [2026-07-14T05:05:02.451Z] : Note - File formats that can be packed are: txt, md, xml, dre, jpg, jpeg, png, gif, css, js, html, json, mp3, svg, woff, ttf, eot, webm, mp4, and woff2
[error] [2026-07-14T05:05:02.461Z] : ✖ Below file formats are not allowed in Sigma
[info] [2026-07-14T05:05:02.462Z] :  ==> app/.DS_Store
[info] [2026-07-14T05:05:02.463Z] :  ==> app/grn/.DS_Store
[info] [2026-07-14T05:05:02.464Z] :  ==> app/rfq/.DS_Store
[info] [2026-07-14T05:05:02.464Z] :  ==> app/vendor-comparison/.DS_Store
[info] [2026-07-14T05:05:02.464Z] : Note - File formats that can be packed are: txt, md, xml, dre, jpg, jpeg, png, gif, css, js, html, json, mp3, svg, woff, ttf, eot, webm, mp4, and woff2
[error] [2026-07-14T06:09:14.335Z] : ✖ Below file formats are not allowed in Sigma
[info] [2026-07-14T06:09:14.341Z] :  ==> app/grn/.DS_Store
[info] [2026-07-14T06:09:14.341Z] :  ==> app/vendor-comparison/.DS_Store
[info] [2026-07-14T06:09:14.342Z] : Note - File formats that can be packed are: txt, md, xml, dre, jpg, jpeg, png, gif, css, js, html, json, mp3, svg, woff, ttf, eot, webm, mp4, and woff2
[error] [2026-07-14T06:09:14.345Z] : ✖ Below file formats are not allowed in Sigma
[info] [2026-07-14T06:09:14.345Z] :  ==> app/grn/.DS_Store
[info] [2026-07-14T06:09:14.346Z] :  ==> app/vendor-comparison/.DS_Store
[info] [2026-07-14T06:09:14.346Z] : Note - File formats that can be packed are: txt, md, xml, dre, jpg, jpeg, png, gif, css, js, html, json, mp3, svg, woff, ttf, eot, webm, mp4, and woff2
[error] [2026-07-14T06:14:36.028Z] : ✖ Below file formats are not allowed in Sigma
[info] [2026-07-14T06:14:36.038Z] :  ==> app/grn/.DS_Store
[info] [2026-07-14T06:14:36.038Z] :  ==> app/vendor-comparison/.DS_Store
[info] [2026-07-14T06:14:36.038Z] : Note - File formats that can be packed are: txt, md, xml, dre, jpg, jpeg, png, gif, css, js, html, json, mp3, svg, woff, ttf, eot, webm, mp4, and woff2
[error] [2026-07-14T06:14:36.044Z] : ✖ Below file formats are not allowed in Sigma
[info] [2026-07-14T06:14:36.045Z] :  ==> app/grn/.DS_Store
[info] [2026-07-14T06:14:36.045Z] :  ==> app/vendor-comparison/.DS_Store
[info] [2026-07-14T06:14:36.045Z] : Note - File formats that can be packed are: txt, md, xml, dre, jpg, jpeg, png, gif, css, js, html, json, mp3, svg, woff, ttf, eot, webm, mp4, and woff2
[error] [2026-07-14T06:36:01.604Z] : ✖ Below file formats are not allowed in Sigma
[info] [2026-07-14T06:36:01.614Z] :  ==> app/grn/.DS_Store
[info] [2026-07-14T06:36:01.615Z] :  ==> app/vendor-comparison/.DS_Store
[info] [2026-07-14T06:36:01.615Z] : Note - File formats that can be packed are: txt, md, xml, dre, jpg, jpeg, png, gif, css, js, html, json, mp3, svg, woff, ttf, eot, webm, mp4, and woff2
[error] [2026-07-14T06:36:01.621Z] : ✖ Below file formats are not allowed in Sigma
[info] [2026-07-14T06:36:01.621Z] :  ==> app/grn/.DS_Store
[info] [2026-07-14T06:36:01.622Z] :  ==> app/vendor-comparison/.DS_Store
[info] [2026-07-14T06:36:01.622Z] : Note - File formats that can be packed are: txt, md, xml, dre, jpg, jpeg, png, gif, css, js, html, json, mp3, svg, woff, ttf, eot, webm, mp4, and woff2
[error] [2026-07-14T06:41:29.322Z] : ✖ Below file formats are not allowed in Sigma
[info] [2026-07-14T06:41:29.331Z] :  ==> app/grn/.DS_Store
[info] [2026-07-14T06:41:29.332Z] :  ==> app/vendor-comparison/.DS_Store
[info] [2026-07-14T06:41:29.332Z] : Note - File formats that can be packed are: txt, md, xml, dre, jpg, jpeg, png, gif, css, js, html, json, mp3, svg, woff, ttf, eot, webm, mp4, and woff2
[error] [2026-07-14T06:41:29.340Z] : ✖ Below file formats are not allowed in Sigma
[info] [2026-07-14T06:41:29.340Z] :  ==> app/grn/.DS_Store
[info] [2026-07-14T06:41:29.341Z] :  ==> app/vendor-comparison/.DS_Store
[info] [2026-07-14T06:41:29.341Z] : Note - File formats that can be packed are: txt, md, xml, dre, jpg, jpeg, png, gif, css, js, html, json, mp3, svg, woff, ttf, eot, webm, mp4, and woff2
